Attempted Query: SELECT * FROM users WHERE username = 'default' AND password = 'letmein'
Attempted Query: SELECT * FROM users WHERE username = 'developer' AND password = 'admin123'
Attempted Query: SELECT * FROM users WHERE username = 'administrator' AND password = 'qwerty'
Attempted Query: SELECT * FROM users WHERE username = 'qwerty' AND password = 'welcome'
Attempted Query: SELECT * FROM users WHERE username = 'operator' AND password = 'qwerty'
Attempted Query: SELECT * FROM users WHERE username = 'default' AND password = 'qwerty'
Attempted Query: SELECT * FROM users WHERE username = 'student' AND password = '123qwe'
Attempted Query: SELECT * FROM users WHERE username = 'test' AND password = 'abc123'
Attempted Query: SELECT * FROM users WHERE username = 'developer' AND password = 'qwerty'
Attempted Query: SELECT * FROM users WHERE username = 'abc' AND password = 'dfa'
Attempted Query: SELECT * FROM users WHERE username = 'abc' OR '1'='1' AND password = 'fda'
Attempted Query: SELECT * FROM users WHERE username = 'abc' OR '1'='1' AND password = 'dga' OR '1'='1'
Attempted Query: SELECT * FROM users WHERE username = 'support' AND password = 'password123'
Attempted Query: SELECT * FROM users WHERE username = 'support' AND password = 'admin'
Attempted Query: SELECT * FROM users WHERE username = 'guest' AND password = '1q2w3e4r'
Attempted Query: SELECT * FROM users WHERE username = 'support' AND password = 'welcome'
Attempted Query: SELECT * FROM users WHERE username = 'guest' AND password = 'qwerty'
Attempted Query: SELECT * FROM users WHERE username = 'root' AND password = 'toor'
Attempted Query: SELECT * FROM users WHERE username = 'webmaster' AND password = 'toor'
Attempted Query: SELECT * FROM users WHERE username = 'guest' AND password = '123qwe'
Attempted Query: SELECT * FROM users WHERE username = 'developer' AND password = '123456'
Attempted Query: SELECT * FROM users WHERE username = 'operator' AND password = '123qwe'
Attempted Query: SELECT * FROM users WHERE username = 'login' AND password = '1q2w3e4r'
Attempted Query: SELECT * FROM users WHERE username = 'administrator' AND password = 'welcome'
Attempted Query: SELECT * FROM users WHERE username = 'user1' AND password = '123456'
Attempted Query: SELECT * FROM users WHERE username = 'login' AND password = 'admin123'
Attempted Query: SELECT * FROM users WHERE username = 'support' AND password = 'password123'
Attempted Query: SELECT * FROM users WHERE username = 'default' AND password = 'admin123'
Attempted Query: SELECT * FROM users WHERE username = 'info' AND password = 'letmein'
Attempted Query: SELECT * FROM users WHERE username = 'student' AND password = 'qwerty'
Attempted Query: SELECT * FROM users WHERE username = 'qwerty' AND password = 'qwerty'
Attempted Query: SELECT * FROM users WHERE username = 'test' AND password = 'admin'
Attempted Query: SELECT * FROM users WHERE username = 'abc' OR '1'='1' AND password = 'gdag' OR '1'='1'
Attempted Query: SELECT * FROM users WHERE username = 'abc' AND password = 'dgag'
Attempted Query: SELECT * FROM users WHERE username = 'admin' AND password = 'password123'
Attempted Query: SELECT * FROM users WHERE username = '' OR '1'='1' AND password = '' OR '1'='1'
Attempted Query: SELECT * FROM users WHERE username = 'acb' OR '1'='1' AND password = 'dga' OR '1'='1'
Attempted Query: SELECT * FROM users WHERE username = 'admin' AND password = 'password123'
Attempted Query: SELECT * FROM users WHERE username = 'admin' AND password = 'password123'
Attempted Query: SELECT * FROM users WHERE username = 'admin' AND password = 'password123'
Attempted Query: SELECT * FROM users WHERE username = 'admin' AND password = 'password123'
Attempted Query: SELECT * FROM users WHERE username = 'admin' AND password = 'password123'
Attempted Query: SELECT * FROM users WHERE username = 'admin' AND password = 'password123'
Attempted Query: SELECT * FROM users WHERE username = 'admin' AND password = 'password123'
Attempted Query: SELECT * FROM users WHERE username = 'admin' AND password = 'password123'
Attempted Query: SELECT * FROM users WHERE username = 'admin' AND password = 'password123'
Attempted Query: SELECT * FROM users WHERE username = 'admin' AND password = 'password123'
Attempted Query: SELECT * FROM users WHERE username = 'admin' AND password = 'password123'
Attempted Query: SELECT * FROM users WHERE username = 'admin' AND password = 'password123'
Attempted Query: SELECT * FROM users WHERE username = 'admin' AND password = 'password123'
Attempted Query: SELECT * FROM users WHERE username = 'ls' AND password = 'adkm'
Attempted Query: SELECT * FROM users WHERE username = 'admin' AND password = 'password123'
Attempted Query: SELECT * FROM users WHERE username = 'admin' AND password = 'password123'
Attempted Query: SELECT * FROM users WHERE username = 'admin' AND password = 'password123'
Attempted Query: SELECT * FROM users WHERE username = 'admin' AND password = 'password123'
Attempted Query: SELECT * FROM users WHERE username = 'admin' AND password = 'password123'
Attempted Query: SELECT * FROM users WHERE username = 'admin' AND password = 'password123'
Attempted Query: SELECT * FROM users WHERE username = 'admin' AND password = 'password123'
Attempted Query: SELECT * FROM users WHERE username = 'admin' AND password = 'password123'
Attempted Query: SELECT * FROM users WHERE username = 'admin' AND password = 'password123'
Attempted Query: SELECT * FROM users WHERE username = 'admin' AND password = 'password123'
Attempted Query: SELECT * FROM users WHERE username = 'admin' AND password = 'password123'
Attempted Query: SELECT * FROM users WHERE username = 'admin' AND password = 'password123'
Attempted Query: SELECT * FROM users WHERE username = 'student' AND password = 'welcome'
Attempted Query: SELECT * FROM users WHERE username = 'admin' AND password = 'welcome'
Attempted Query: SELECT * FROM users WHERE username = 'support' AND password = 'admin'
Attempted Query: SELECT * FROM users WHERE username = 'user' AND password = 'password123'
Attempted Query: SELECT * FROM users WHERE username = 'qwerty' AND password = 'admin'
Attempted Query: SELECT * FROM users WHERE username = 'user1' AND password = 'letmein'
Attempted Query: SELECT * FROM users WHERE username = 'support' AND password = '123456'
Attempted Query: SELECT * FROM users WHERE username = 'administrator' AND password = '123456'
Attempted Query: SELECT * FROM users WHERE username = 'default' AND password = 'root'
Attempted Query: SELECT * FROM users WHERE username = 'manager' AND password = 'admin123'
Attempted Query: SELECT * FROM users WHERE username = 'admin' AND password = 'password123'
Attempted Query: SELECT * FROM users WHERE username = 'gdag' AND password = 'dsarea'
Attempted Query: SELECT * FROM users WHERE username = 'admin' AND password = 'password123'
Attempted Query: SELECT * FROM users WHERE username = 'admin' AND password = 'password123'
Attempted Query: SELECT * FROM users WHERE username = 'admin' AND password = 'password123'
Attempted Query: SELECT * FROM users WHERE username = 'admin' AND password = 'password123'
Attempted Query: SELECT * FROM users WHERE username = 'admin' AND password = 'password'
Attempted Query: SELECT * FROM users WHERE username = 'admin' AND password = 'password123'
Attempted Query: SELECT * FROM users WHERE username = 'admin' AND password = 'password123'
Attempted Query: SELECT * FROM users WHERE username = 'admin' AND password = 'password123'
Attempted Query: SELECT * FROM users WHERE username = 'admin' AND password = 'password123'
Attempted Query: SELECT * FROM users WHERE username = 'admin' AND password = 'password123'
Attempted Query: SELECT * FROM users WHERE username = 'admin' AND password = 'password123'
Attempted Query: SELECT * FROM users WHERE username = 'admin' AND password = 'password123'
Attempted Query: SELECT * FROM users WHERE username = 'admin' AND password = 'password123'
Attempted Query: SELECT * FROM users WHERE username = 'admin' AND password = 'password123'
Attempted Query: SELECT * FROM users WHERE username = 'admin' AND password = 'password123'
Attempted Query: SELECT * FROM users WHERE username = 'admin' AND password = 'password123'
Attempted Query: SELECT * FROM users WHERE username = 'admin' AND password = 'password123'
Attempted Query: SELECT * FROM users WHERE username = 'user' AND password = 'admin'
Attempted Query: SELECT * FROM users WHERE username = 'login' AND password = 'root'
Attempted Query: SELECT * FROM users WHERE username = 'operator' AND password = 'root'
Attempted Query: SELECT * FROM users WHERE username = 'info' AND password = 'root'
Attempted Query: SELECT * FROM users WHERE username = 'demo' AND password = 'toor'
Attempted Query: SELECT * FROM users WHERE username = 'operator' AND password = 'admin'
Attempted Query: SELECT * FROM users WHERE username = 'login' AND password = '123456'
Attempted Query: SELECT * FROM users WHERE username = 'info' AND password = 'toor'
Attempted Query: SELECT * FROM users WHERE username = 'administrator' AND password = 'password123'
Attempted Query: SELECT * FROM users WHERE username = 'user' AND password = 'toor'
